<?xml version="1.0" encoding="UTF-8"?>
<coverage generated="1757948545197" clover="3.2.0">
  <project timestamp="1757948545197" name="All files">
    <metrics statements="19" coveredstatements="16" conditionals="6" coveredconditionals="5" methods="11" coveredmethods="9" elements="36" coveredelements="30" complexity="0" loc="19" ncloc="19" packages="6" files="8" classes="8"/>
    <package name="src">
      <metrics statements="2" coveredstatements="1" conditionals="0" coveredconditionals="0" methods="1" coveredmethods="1"/>
      <file name="App.jsx" path="C:\Users\DELL\Documents\CarRental\src\App.jsx">
        <metrics statements="1" coveredstatements="1" conditionals="0" coveredconditionals="0" methods="1" coveredmethods="1"/>
        <line num="8" count="1" type="stmt"/>
      </file>
      <file name="main.jsx" path="C:\Users\DELL\Documents\CarRental\src\main.jsx">
        <metrics statements="1" coveredstatements="0" conditionals="0" coveredconditionals="0" methods="0" coveredmethods="0"/>
        <line num="7" count="0" type="stmt"/>
      </file>
    </package>
    <package name="src.components.Auth">
      <metrics statements="3" coveredstatements="3" conditionals="0" coveredconditionals="0" methods="2" coveredmethods="2"/>
      <file name="Login.jsx" path="C:\Users\DELL\Documents\CarRental\src\components\Auth\Login.jsx">
        <metrics statements="3" coveredstatements="3" conditionals="0" coveredconditionals="0" methods="2" coveredmethods="2"/>
        <line num="6" count="2" type="stmt"/>
        <line num="7" count="3" type="stmt"/>
        <line num="9" count="1" type="stmt"/>
      </file>
      <file name="Register.jsx" path="C:\Users\DELL\Documents\CarRental\src\components\Auth\Register.jsx">
        <metrics statements="0" coveredstatements="0" conditionals="0" coveredconditionals="0" methods="0" coveredmethods="0"/>
      </file>
    </package>
    <package name="src.components.Contact">
      <metrics statements="0" coveredstatements="0" conditionals="0" coveredconditionals="0" methods="0" coveredmethods="0"/>
      <file name="Contact.jsx" path="C:\Users\DELL\Documents\CarRental\src\components\Contact\Contact.jsx">
        <metrics statements="0" coveredstatements="0" conditionals="0" coveredconditionals="0" methods="0" coveredmethods="0"/>
      </file>
    </package>
    <package name="src.components.Footer">
      <metrics statements="2" coveredstatements="2" conditionals="0" coveredconditionals="0" methods="1" coveredmethods="1"/>
      <file name="Footer.jsx" path="C:\Users\DELL\Documents\CarRental\src\components\Footer\Footer.jsx">
        <metrics statements="2" coveredstatements="2" conditionals="0" coveredconditionals="0" methods="1" coveredmethods="1"/>
        <line num="4" count="2" type="stmt"/>
        <line num="5" count="2" type="stmt"/>
      </file>
    </package>
    <package name="src.components.Navbar">
      <metrics statements="6" coveredstatements="5" conditionals="4" coveredconditionals="3" methods="4" coveredmethods="3"/>
      <file name="Navbar.jsx" path="C:\Users\DELL\Documents\CarRental\src\components\Navbar\Navbar.jsx">
        <metrics statements="6" coveredstatements="5" conditionals="4" coveredconditionals="3" methods="4" coveredmethods="3"/>
        <line num="5" count="2" type="stmt"/>
        <line num="6" count="7" type="stmt"/>
        <line num="8" count="7" type="stmt"/>
        <line num="29" count="2" type="stmt"/>
        <line num="37" count="1" type="cond" truecount="2" falsecount="0"/>
        <line num="38" count="0" type="cond" truecount="1" falsecount="1"/>
      </file>
    </package>
    <package name="src.pages.Home">
      <metrics statements="6" coveredstatements="5" conditionals="2" coveredconditionals="2" methods="3" coveredmethods="2"/>
      <file name="Home.jsx" path="C:\Users\DELL\Documents\CarRental\src\pages\Home\Home.jsx">
        <metrics statements="6" coveredstatements="5" conditionals="2" coveredconditionals="2" methods="3" coveredmethods="2"/>
        <line num="7" count="1" type="stmt"/>
        <line num="8" count="1" type="stmt"/>
        <line num="10" count="1" type="stmt"/>
        <line num="17" count="1" type="stmt"/>
        <line num="88" count="4" type="stmt"/>
        <line num="91" count="0" type="stmt"/>
      </file>
    </package>
  </project>
</coverage>
