{"C:\\Users\\DELL\\Documents\\CarRental\\src\\App.jsx": {"path":"C:\\Users\\DELL\\Documents\\CarRental\\src\\App.jsx","statementMap":{"0":{"start":{"line":8,"column":2},"end":{"line":18,"column":3}}},"fnMap":{"0":{"name":"App","decl":{"start":{"line":7,"column":9},"end":{"line":7,"column":12}},"loc":{"start":{"line":7,"column":15},"end":{"line":19,"column":1}},"line":7}},"branchMap":{},"s":{"0":1},"f":{"0":1},"b":{},"_coverageSchema":"1a1c01bbd47fc00a2c39e90264f33305004495a9","hash":"045c6b13c52ec5c1b528b57404750c23d3c968b8"}
,"C:\\Users\\DELL\\Documents\\CarRental\\src\\main.jsx": {"path":"C:\\Users\\DELL\\Documents\\CarRental\\src\\main.jsx","statementMap":{"0":{"start":{"line":7,"column":0},"end":{"line":11,"column":1}}},"fnMap":{},"branchMap":{},"s":{"0":0},"f":{},"b":{}}
,"C:\\Users\\DELL\\Documents\\CarRental\\src\\components\\Auth\\Login.jsx": {"path":"C:\\Users\\DELL\\Documents\\CarRental\\src\\components\\Auth\\Login.jsx","statementMap":{"0":{"start":{"line":6,"column":14},"end":{"line":30,"column":1}},"1":{"start":{"line":7,"column":4},"end":{"line":29,"column":6}},"2":{"start":{"line":9,"column":51},"end":{"line":9,"column":70}}},"fnMap":{"0":{"name":"(anonymous_0)","decl":{"start":{"line":6,"column":14},"end":{"line":6,"column":15}},"loc":{"start":{"line":6,"column":31},"end":{"line":30,"column":1}},"line":6},"1":{"name":"(anonymous_1)","decl":{"start":{"line":9,"column":44},"end":{"line":9,"column":45}},"loc":{"start":{"line":9,"column":51},"end":{"line":9,"column":70}},"line":9}},"branchMap":{},"s":{"0":2,"1":3,"2":1},"f":{"0":3,"1":1},"b":{},"_coverageSchema":"1a1c01bbd47fc00a2c39e90264f33305004495a9","hash":"7dc11db9cdd6da1600b24c8928710fa0253467b4"}
,"C:\\Users\\DELL\\Documents\\CarRental\\src\\components\\Auth\\Register.jsx": {"path":"C:\\Users\\DELL\\Documents\\CarRental\\src\\components\\Auth\\Register.jsx","statementMap":{},"fnMap":{},"branchMap":{},"s":{},"f":{},"b":{}}
,"C:\\Users\\DELL\\Documents\\CarRental\\src\\components\\Contact\\Contact.jsx": {"path":"C:\\Users\\DELL\\Documents\\CarRental\\src\\components\\Contact\\Contact.jsx","statementMap":{},"fnMap":{},"branchMap":{},"s":{},"f":{},"b":{}}
,"C:\\Users\\DELL\\Documents\\CarRental\\src\\components\\Footer\\Footer.jsx": {"path":"C:\\Users\\DELL\\Documents\\CarRental\\src\\components\\Footer\\Footer.jsx","statementMap":{"0":{"start":{"line":4,"column":15},"end":{"line":10,"column":1}},"1":{"start":{"line":5,"column":4},"end":{"line":9,"column":6}}},"fnMap":{"0":{"name":"(anonymous_0)","decl":{"start":{"line":4,"column":15},"end":{"line":4,"column":16}},"loc":{"start":{"line":4,"column":21},"end":{"line":10,"column":1}},"line":4}},"branchMap":{},"s":{"0":2,"1":2},"f":{"0":2},"b":{},"_coverageSchema":"1a1c01bbd47fc00a2c39e90264f33305004495a9","hash":"753ec86fc527a5ccf7acd253d030dbd720b4b397"}
,"C:\\Users\\DELL\\Documents\\CarRental\\src\\components\\Navbar\\Navbar.jsx": {"path":"C:\\Users\\DELL\\Documents\\CarRental\\src\\components\\Navbar\\Navbar.jsx","statementMap":{"0":{"start":{"line":5,"column":15},"end":{"line":41,"column":1}},"1":{"start":{"line":6,"column":38},"end":{"line":6,"column":52}},"2":{"start":{"line":8,"column":4},"end":{"line":40,"column":6}},"3":{"start":{"line":29,"column":51},"end":{"line":29,"column":72}},"4":{"start":{"line":37,"column":60},"end":{"line":37,"column":78}},"5":{"start":{"line":38,"column":66},"end":{"line":38,"column":84}}},"fnMap":{"0":{"name":"(anonymous_0)","decl":{"start":{"line":5,"column":15},"end":{"line":5,"column":16}},"loc":{"start":{"line":5,"column":21},"end":{"line":41,"column":1}},"line":5},"1":{"name":"(anonymous_1)","decl":{"start":{"line":29,"column":45},"end":{"line":29,"column":46}},"loc":{"start":{"line":29,"column":51},"end":{"line":29,"column":72}},"line":29},"2":{"name":"(anonymous_2)","decl":{"start":{"line":37,"column":54},"end":{"line":37,"column":55}},"loc":{"start":{"line":37,"column":60},"end":{"line":37,"column":78}},"line":37},"3":{"name":"(anonymous_3)","decl":{"start":{"line":38,"column":60},"end":{"line":38,"column":61}},"loc":{"start":{"line":38,"column":66},"end":{"line":38,"column":84}},"line":38}},"branchMap":{"0":{"loc":{"start":{"line":37,"column":13},"end":{"line":37,"column":82}},"type":"binary-expr","locations":[{"start":{"line":37,"column":13},"end":{"line":37,"column":34}},{"start":{"line":37,"column":38},"end":{"line":37,"column":82}}],"line":37},"1":{"loc":{"start":{"line":38,"column":13},"end":{"line":38,"column":88}},"type":"binary-expr","locations":[{"start":{"line":38,"column":13},"end":{"line":38,"column":37}},{"start":{"line":38,"column":41},"end":{"line":38,"column":88}}],"line":38}},"s":{"0":2,"1":7,"2":7,"3":2,"4":1,"5":0},"f":{"0":7,"1":2,"2":1,"3":0},"b":{"0":[7,2],"1":[7,0]},"_coverageSchema":"1a1c01bbd47fc00a2c39e90264f33305004495a9","hash":"8fcf75a477bae7a113589c932324dcf93ff60c08"}
,"C:\\Users\\DELL\\Documents\\CarRental\\src\\pages\\Home\\Home.jsx": {"path":"C:\\Users\\DELL\\Documents\\CarRental\\src\\pages\\Home\\Home.jsx","statementMap":{"0":{"start":{"line":7,"column":13},"end":{"line":184,"column":1}},"1":{"start":{"line":8,"column":32},"end":{"line":8,"column":47}},"2":{"start":{"line":10,"column":20},"end":{"line":15,"column":5}},"3":{"start":{"line":17,"column":4},"end":{"line":183,"column":6}},"4":{"start":{"line":88,"column":32},"end":{"line":95,"column":38}},"5":{"start":{"line":91,"column":51},"end":{"line":91,"column":74}}},"fnMap":{"0":{"name":"(anonymous_0)","decl":{"start":{"line":7,"column":13},"end":{"line":7,"column":14}},"loc":{"start":{"line":7,"column":19},"end":{"line":184,"column":1}},"line":7},"1":{"name":"(anonymous_1)","decl":{"start":{"line":87,"column":41},"end":{"line":87,"column":42}},"loc":{"start":{"line":88,"column":32},"end":{"line":95,"column":38}},"line":88},"2":{"name":"(anonymous_2)","decl":{"start":{"line":91,"column":45},"end":{"line":91,"column":46}},"loc":{"start":{"line":91,"column":51},"end":{"line":91,"column":74}},"line":91}},"branchMap":{"0":{"loc":{"start":{"line":90,"column":69},"end":{"line":90,"column":108}},"type":"cond-expr","locations":[{"start":{"line":90,"column":95},"end":{"line":90,"column":103}},{"start":{"line":90,"column":106},"end":{"line":90,"column":108}}],"line":90}},"s":{"0":1,"1":1,"2":1,"3":1,"4":4,"5":0},"f":{"0":1,"1":4,"2":0},"b":{"0":[1,3]},"_coverageSchema":"1a1c01bbd47fc00a2c39e90264f33305004495a9","hash":"7e392cc1db0736550bdd970107bfd78a5cda5399"}
}
