{"C:\\Users\\DELL\\Documents\\CarRental\\src\\App.jsx": {"path":"C:\\Users\\DELL\\Documents\\CarRental\\src\\App.jsx","statementMap":{"0":{"start":{"line":15,"column":2},"end":{"line":27,"column":3}}},"fnMap":{"0":{"name":"App","decl":{"start":{"line":14,"column":9},"end":{"line":14,"column":12}},"loc":{"start":{"line":14,"column":15},"end":{"line":28,"column":1}},"line":14}},"branchMap":{},"s":{"0":0},"f":{"0":0},"b":{}}
,"C:\\Users\\DELL\\Documents\\CarRental\\src\\main.jsx": {"path":"C:\\Users\\DELL\\Documents\\CarRental\\src\\main.jsx","statementMap":{"0":{"start":{"line":7,"column":0},"end":{"line":11,"column":1}}},"fnMap":{},"branchMap":{},"s":{"0":0},"f":{},"b":{}}
,"C:\\Users\\DELL\\Documents\\CarRental\\src\\components\\Auth\\Login.jsx": {"path":"C:\\Users\\DELL\\Documents\\CarRental\\src\\components\\Auth\\Login.jsx","statementMap":{"0":{"start":{"line":6,"column":14},"end":{"line":37,"column":1}},"1":{"start":{"line":7,"column":4},"end":{"line":36,"column":6}},"2":{"start":{"line":9,"column":51},"end":{"line":9,"column":70}}},"fnMap":{"0":{"name":"(anonymous_0)","decl":{"start":{"line":6,"column":14},"end":{"line":6,"column":15}},"loc":{"start":{"line":6,"column":41},"end":{"line":37,"column":1}},"line":6},"1":{"name":"(anonymous_1)","decl":{"start":{"line":9,"column":44},"end":{"line":9,"column":45}},"loc":{"start":{"line":9,"column":51},"end":{"line":9,"column":70}},"line":9}},"branchMap":{},"s":{"0":0,"1":0,"2":0},"f":{"0":0,"1":0},"b":{}}
,"C:\\Users\\DELL\\Documents\\CarRental\\src\\components\\Auth\\Register.jsx": {"path":"C:\\Users\\DELL\\Documents\\CarRental\\src\\components\\Auth\\Register.jsx","statementMap":{"0":{"start":{"line":6,"column":17},"end":{"line":53,"column":1}},"1":{"start":{"line":7,"column":4},"end":{"line":52,"column":6}},"2":{"start":{"line":9,"column":54},"end":{"line":9,"column":73}}},"fnMap":{"0":{"name":"(anonymous_0)","decl":{"start":{"line":6,"column":17},"end":{"line":6,"column":18}},"loc":{"start":{"line":6,"column":44},"end":{"line":53,"column":1}},"line":6},"1":{"name":"(anonymous_1)","decl":{"start":{"line":9,"column":47},"end":{"line":9,"column":48}},"loc":{"start":{"line":9,"column":54},"end":{"line":9,"column":73}},"line":9}},"branchMap":{},"s":{"0":1,"1":4,"2":2},"f":{"0":4,"1":2},"b":{},"_coverageSchema":"1a1c01bbd47fc00a2c39e90264f33305004495a9","hash":"ab6c84a5ad9eb3315a8e56da0d6e9f2b8ac1149b"}
,"C:\\Users\\DELL\\Documents\\CarRental\\src\\components\\Contact\\Contact.jsx": {"path":"C:\\Users\\DELL\\Documents\\CarRental\\src\\components\\Contact\\Contact.jsx","statementMap":{},"fnMap":{},"branchMap":{},"s":{},"f":{},"b":{}}
,"C:\\Users\\DELL\\Documents\\CarRental\\src\\components\\Footer\\Footer.jsx": {"path":"C:\\Users\\DELL\\Documents\\CarRental\\src\\components\\Footer\\Footer.jsx","statementMap":{"0":{"start":{"line":4,"column":15},"end":{"line":10,"column":1}},"1":{"start":{"line":5,"column":4},"end":{"line":9,"column":6}}},"fnMap":{"0":{"name":"(anonymous_0)","decl":{"start":{"line":4,"column":15},"end":{"line":4,"column":16}},"loc":{"start":{"line":4,"column":21},"end":{"line":10,"column":1}},"line":4}},"branchMap":{},"s":{"0":0,"1":0},"f":{"0":0},"b":{}}
,"C:\\Users\\DELL\\Documents\\CarRental\\src\\components\\Navbar\\Navbar.jsx": {"path":"C:\\Users\\DELL\\Documents\\CarRental\\src\\components\\Navbar\\Navbar.jsx","statementMap":{"0":{"start":{"line":6,"column":15},"end":{"line":62,"column":1}},"1":{"start":{"line":7,"column":38},"end":{"line":7,"column":52}},"2":{"start":{"line":8,"column":36},"end":{"line":8,"column":51}},"3":{"start":{"line":10,"column":4},"end":{"line":61,"column":6}},"4":{"start":{"line":32,"column":55},"end":{"line":32,"column":77}},"5":{"start":{"line":37,"column":59},"end":{"line":37,"column":80}},"6":{"start":{"line":40,"column":59},"end":{"line":40,"column":83}},"7":{"start":{"line":49,"column":35},"end":{"line":49,"column":53}},"8":{"start":{"line":50,"column":36},"end":{"line":50,"column":60}},"9":{"start":{"line":56,"column":35},"end":{"line":56,"column":53}},"10":{"start":{"line":57,"column":36},"end":{"line":57,"column":57}}},"fnMap":{"0":{"name":"(anonymous_0)","decl":{"start":{"line":6,"column":15},"end":{"line":6,"column":16}},"loc":{"start":{"line":6,"column":21},"end":{"line":62,"column":1}},"line":6},"1":{"name":"(anonymous_1)","decl":{"start":{"line":32,"column":49},"end":{"line":32,"column":50}},"loc":{"start":{"line":32,"column":55},"end":{"line":32,"column":77}},"line":32},"2":{"name":"(anonymous_2)","decl":{"start":{"line":37,"column":53},"end":{"line":37,"column":54}},"loc":{"start":{"line":37,"column":59},"end":{"line":37,"column":80}},"line":37},"3":{"name":"(anonymous_3)","decl":{"start":{"line":40,"column":53},"end":{"line":40,"column":54}},"loc":{"start":{"line":40,"column":59},"end":{"line":40,"column":83}},"line":40},"4":{"name":"(anonymous_4)","decl":{"start":{"line":49,"column":29},"end":{"line":49,"column":30}},"loc":{"start":{"line":49,"column":35},"end":{"line":49,"column":53}},"line":49},"5":{"name":"(anonymous_5)","decl":{"start":{"line":50,"column":30},"end":{"line":50,"column":31}},"loc":{"start":{"line":50,"column":36},"end":{"line":50,"column":60}},"line":50},"6":{"name":"(anonymous_6)","decl":{"start":{"line":56,"column":29},"end":{"line":56,"column":30}},"loc":{"start":{"line":56,"column":35},"end":{"line":56,"column":53}},"line":56},"7":{"name":"(anonymous_7)","decl":{"start":{"line":57,"column":30},"end":{"line":57,"column":31}},"loc":{"start":{"line":57,"column":36},"end":{"line":57,"column":57}},"line":57}},"branchMap":{"0":{"loc":{"start":{"line":30,"column":25},"end":{"line":43,"column":25}},"type":"cond-expr","locations":[{"start":{"line":31,"column":28},"end":{"line":33,"column":34}},{"start":{"line":35,"column":28},"end":{"line":42,"column":31}}],"line":30},"1":{"loc":{"start":{"line":47,"column":13},"end":{"line":52,"column":13}},"type":"binary-expr","locations":[{"start":{"line":47,"column":13},"end":{"line":47,"column":34}},{"start":{"line":48,"column":16},"end":{"line":51,"column":18}}],"line":47},"2":{"loc":{"start":{"line":54,"column":13},"end":{"line":59,"column":13}},"type":"binary-expr","locations":[{"start":{"line":54,"column":13},"end":{"line":54,"column":37}},{"start":{"line":55,"column":16},"end":{"line":58,"column":18}}],"line":54}},"s":{"0":0,"1":0,"2":0,"3":0,"4":0,"5":0,"6":0,"7":0,"8":0,"9":0,"10":0},"f":{"0":0,"1":0,"2":0,"3":0,"4":0,"5":0,"6":0,"7":0},"b":{"0":[0,0],"1":[0,0],"2":[0,0]}}
,"C:\\Users\\DELL\\Documents\\CarRental\\src\\layouts\\AdminLayout.jsx": {"path":"C:\\Users\\DELL\\Documents\\CarRental\\src\\layouts\\AdminLayout.jsx","statementMap":{"0":{"start":{"line":3,"column":20},"end":{"line":9,"column":1}},"1":{"start":{"line":4,"column":4},"end":{"line":8,"column":6}}},"fnMap":{"0":{"name":"(anonymous_0)","decl":{"start":{"line":3,"column":20},"end":{"line":3,"column":21}},"loc":{"start":{"line":3,"column":38},"end":{"line":9,"column":1}},"line":3}},"branchMap":{},"s":{"0":0,"1":0},"f":{"0":0},"b":{}}
,"C:\\Users\\DELL\\Documents\\CarRental\\src\\layouts\\MainLayout.jsx": {"path":"C:\\Users\\DELL\\Documents\\CarRental\\src\\layouts\\MainLayout.jsx","statementMap":{"0":{"start":{"line":5,"column":19},"end":{"line":13,"column":1}},"1":{"start":{"line":6,"column":4},"end":{"line":12,"column":6}}},"fnMap":{"0":{"name":"(anonymous_0)","decl":{"start":{"line":5,"column":19},"end":{"line":5,"column":20}},"loc":{"start":{"line":5,"column":37},"end":{"line":13,"column":1}},"line":5}},"branchMap":{},"s":{"0":0,"1":0},"f":{"0":0},"b":{}}
,"C:\\Users\\DELL\\Documents\\CarRental\\src\\pages\\Admin\\Admin.jsx": {"path":"C:\\Users\\DELL\\Documents\\CarRental\\src\\pages\\Admin\\Admin.jsx","statementMap":{"0":{"start":{"line":7,"column":14},"end":{"line":38,"column":1}},"1":{"start":{"line":8,"column":4},"end":{"line":37,"column":6}}},"fnMap":{"0":{"name":"(anonymous_0)","decl":{"start":{"line":7,"column":14},"end":{"line":7,"column":15}},"loc":{"start":{"line":7,"column":20},"end":{"line":38,"column":1}},"line":7}},"branchMap":{},"s":{"0":0,"1":0},"f":{"0":0},"b":{}}
,"C:\\Users\\DELL\\Documents\\CarRental\\src\\pages\\Admin\\ActiveRentals\\ActiveRentals.jsx": {"path":"C:\\Users\\DELL\\Documents\\CarRental\\src\\pages\\Admin\\ActiveRentals\\ActiveRentals.jsx","statementMap":{"0":{"start":{"line":6,"column":22},"end":{"line":81,"column":1}},"1":{"start":{"line":7,"column":32},"end":{"line":7,"column":50}},"2":{"start":{"line":9,"column":20},"end":{"line":12,"column":5}},"3":{"start":{"line":15,"column":22},"end":{"line":20,"column":5}},"4":{"start":{"line":22,"column":4},"end":{"line":80,"column":6}},"5":{"start":{"line":28,"column":24},"end":{"line":33,"column":30}},"6":{"start":{"line":44,"column":32},"end":{"line":51,"column":38}},"7":{"start":{"line":47,"column":51},"end":{"line":47,"column":74}}},"fnMap":{"0":{"name":"(anonymous_0)","decl":{"start":{"line":6,"column":22},"end":{"line":6,"column":23}},"loc":{"start":{"line":6,"column":28},"end":{"line":81,"column":1}},"line":6},"1":{"name":"(anonymous_1)","decl":{"start":{"line":27,"column":35},"end":{"line":27,"column":36}},"loc":{"start":{"line":28,"column":24},"end":{"line":33,"column":30}},"line":28},"2":{"name":"(anonymous_2)","decl":{"start":{"line":43,"column":41},"end":{"line":43,"column":42}},"loc":{"start":{"line":44,"column":32},"end":{"line":51,"column":38}},"line":44},"3":{"name":"(anonymous_3)","decl":{"start":{"line":47,"column":45},"end":{"line":47,"column":46}},"loc":{"start":{"line":47,"column":51},"end":{"line":47,"column":74}},"line":47}},"branchMap":{"0":{"loc":{"start":{"line":46,"column":71},"end":{"line":46,"column":110}},"type":"cond-expr","locations":[{"start":{"line":46,"column":97},"end":{"line":46,"column":105}},{"start":{"line":46,"column":108},"end":{"line":46,"column":110}}],"line":46}},"s":{"0":0,"1":0,"2":0,"3":0,"4":0,"5":0,"6":0,"7":0},"f":{"0":0,"1":0,"2":0,"3":0},"b":{"0":[0,0]}}
,"C:\\Users\\DELL\\Documents\\CarRental\\src\\pages\\Admin\\Stock\\Stock.jsx": {"path":"C:\\Users\\DELL\\Documents\\CarRental\\src\\pages\\Admin\\Stock\\Stock.jsx","statementMap":{"0":{"start":{"line":6,"column":14},"end":{"line":83,"column":1}},"1":{"start":{"line":7,"column":32},"end":{"line":7,"column":50}},"2":{"start":{"line":9,"column":20},"end":{"line":14,"column":5}},"3":{"start":{"line":17,"column":22},"end":{"line":22,"column":5}},"4":{"start":{"line":24,"column":4},"end":{"line":82,"column":6}},"5":{"start":{"line":30,"column":24},"end":{"line":35,"column":30}},"6":{"start":{"line":46,"column":32},"end":{"line":53,"column":38}},"7":{"start":{"line":49,"column":51},"end":{"line":49,"column":74}}},"fnMap":{"0":{"name":"(anonymous_0)","decl":{"start":{"line":6,"column":14},"end":{"line":6,"column":15}},"loc":{"start":{"line":6,"column":20},"end":{"line":83,"column":1}},"line":6},"1":{"name":"(anonymous_1)","decl":{"start":{"line":29,"column":35},"end":{"line":29,"column":36}},"loc":{"start":{"line":30,"column":24},"end":{"line":35,"column":30}},"line":30},"2":{"name":"(anonymous_2)","decl":{"start":{"line":45,"column":41},"end":{"line":45,"column":42}},"loc":{"start":{"line":46,"column":32},"end":{"line":53,"column":38}},"line":46},"3":{"name":"(anonymous_3)","decl":{"start":{"line":49,"column":45},"end":{"line":49,"column":46}},"loc":{"start":{"line":49,"column":51},"end":{"line":49,"column":74}},"line":49}},"branchMap":{"0":{"loc":{"start":{"line":48,"column":70},"end":{"line":48,"column":109}},"type":"cond-expr","locations":[{"start":{"line":48,"column":96},"end":{"line":48,"column":104}},{"start":{"line":48,"column":107},"end":{"line":48,"column":109}}],"line":48}},"s":{"0":0,"1":0,"2":0,"3":0,"4":0,"5":0,"6":0,"7":0},"f":{"0":0,"1":0,"2":0,"3":0},"b":{"0":[0,0]}}
,"C:\\Users\\DELL\\Documents\\CarRental\\src\\pages\\Home\\Home.jsx": {"path":"C:\\Users\\DELL\\Documents\\CarRental\\src\\pages\\Home\\Home.jsx","statementMap":{"0":{"start":{"line":6,"column":13},"end":{"line":235,"column":1}},"1":{"start":{"line":7,"column":32},"end":{"line":7,"column":47}},"2":{"start":{"line":9,"column":20},"end":{"line":14,"column":5}},"3":{"start":{"line":19,"column":17},"end":{"line":68,"column":5}},"4":{"start":{"line":70,"column":4},"end":{"line":234,"column":6}},"5":{"start":{"line":141,"column":32},"end":{"line":148,"column":38}},"6":{"start":{"line":144,"column":51},"end":{"line":144,"column":74}},"7":{"start":{"line":154,"column":28},"end":{"line":162,"column":34}}},"fnMap":{"0":{"name":"(anonymous_0)","decl":{"start":{"line":6,"column":13},"end":{"line":6,"column":14}},"loc":{"start":{"line":6,"column":19},"end":{"line":235,"column":1}},"line":6},"1":{"name":"(anonymous_1)","decl":{"start":{"line":140,"column":41},"end":{"line":140,"column":42}},"loc":{"start":{"line":141,"column":32},"end":{"line":148,"column":38}},"line":141},"2":{"name":"(anonymous_2)","decl":{"start":{"line":144,"column":45},"end":{"line":144,"column":46}},"loc":{"start":{"line":144,"column":51},"end":{"line":144,"column":74}},"line":144},"3":{"name":"(anonymous_3)","decl":{"start":{"line":153,"column":34},"end":{"line":153,"column":35}},"loc":{"start":{"line":154,"column":28},"end":{"line":162,"column":34}},"line":154}},"branchMap":{"0":{"loc":{"start":{"line":143,"column":69},"end":{"line":143,"column":108}},"type":"cond-expr","locations":[{"start":{"line":143,"column":95},"end":{"line":143,"column":103}},{"start":{"line":143,"column":106},"end":{"line":143,"column":108}}],"line":143}},"s":{"0":0,"1":0,"2":0,"3":0,"4":0,"5":0,"6":0,"7":0},"f":{"0":0,"1":0,"2":0,"3":0},"b":{"0":[0,0]}}
}
