TN:
SF:src\App.jsx
FN:7,App
FNF:1
FNH:1
FNDA:1,App
DA:8,1
LF:1
LH:1
BRF:0
BRH:0
end_of_record
TN:
SF:src\main.jsx
FNF:0
FNH:0
DA:7,0
LF:1
LH:0
BRF:0
BRH:0
end_of_record
TN:
SF:src\components\Auth\Login.jsx
FN:6,(anonymous_0)
FN:9,(anonymous_1)
FNF:2
FNH:2
FNDA:3,(anonymous_0)
FNDA:1,(anonymous_1)
DA:6,2
DA:7,3
DA:9,1
LF:3
LH:3
BRF:0
BRH:0
end_of_record
TN:
SF:src\components\Auth\Register.jsx
FNF:0
FNH:0
LF:0
LH:0
BRF:0
BRH:0
end_of_record
TN:
SF:src\components\Contact\Contact.jsx
FNF:0
FNH:0
LF:0
LH:0
BRF:0
BRH:0
end_of_record
TN:
SF:src\components\Footer\Footer.jsx
FN:4,(anonymous_0)
FNF:1
FNH:1
FNDA:2,(anonymous_0)
DA:4,2
DA:5,2
LF:2
LH:2
BRF:0
BRH:0
end_of_record
TN:
SF:src\components\Navbar\Navbar.jsx
FN:5,(anonymous_0)
FN:29,(anonymous_1)
FN:37,(anonymous_2)
FN:38,(anonymous_3)
FNF:4
FNH:3
FNDA:7,(anonymous_0)
FNDA:2,(anonymous_1)
FNDA:1,(anonymous_2)
FNDA:0,(anonymous_3)
DA:5,2
DA:6,7
DA:8,7
DA:29,2
DA:37,1
DA:38,0
LF:6
LH:5
BRDA:37,0,0,7
BRDA:37,0,1,2
BRDA:38,1,0,7
BRDA:38,1,1,0
BRF:4
BRH:3
end_of_record
TN:
SF:src\pages\Home\Home.jsx
FN:7,(anonymous_0)
FN:87,(anonymous_1)
FN:91,(anonymous_2)
FNF:3
FNH:2
FNDA:1,(anonymous_0)
FNDA:4,(anonymous_1)
FNDA:0,(anonymous_2)
DA:7,1
DA:8,1
DA:10,1
DA:17,1
DA:88,4
DA:91,0
LF:6
LH:5
BRDA:90,0,0,1
BRDA:90,0,1,3
BRF:2
BRH:2
end_of_record
